<?xml version="1.0" encoding="UTF-8"?>
<!-- Generated by org.testng.reporters.JUnitXMLReporter -->
<testsuite ignored="0" hostname="C40LAP-10041" failures="0" tests="4" name="Backend" time="0.011" errors="0" timestamp="2022-10-05T01:53:59 IST">
  <testcase classname="com.parallel.TestClass2" name="testMethod5" time="0.001"/>
  <testcase classname="com.parallel.TestClass2" name="testMethod6" time="0.001"/>
  <testcase classname="com.parallel.TestClass2" name="testMethod7" time="0.001"/>
  <testcase classname="com.parallel.TestClass2" name="testMethod8" time="0.001"/>
</testsuite> <!-- Backend -->
