<?xml version="1.0" encoding="UTF-8"?>
<!-- Generated by org.testng.reporters.JUnitXMLReporter -->
<testsuite ignored="0" hostname="C40LAP-10041" failures="0" tests="4" name="Database" time="0.011" errors="0" timestamp="2022-10-05T01:53:59 IST">
  <testcase classname="com.parallel.TestClass3" name="testMethod10" time="0.001"/>
  <testcase classname="com.parallel.TestClass3" name="testMethod11" time="0.001"/>
  <testcase classname="com.parallel.TestClass3" name="testMethod12" time="0.001"/>
  <testcase classname="com.parallel.TestClass3" name="testMethod9" time="0.001"/>
</testsuite> <!-- Database -->
