<?xml version="1.0" encoding="UTF-8"?>
<!-- Generated by org.testng.reporters.JUnitXMLReporter -->
<testsuite ignored="0" hostname="C40LAP-10041" failures="1" tests="4" name="Frontend" time="0.081" errors="0" timestamp="2022-10-05T01:53:59 IST">
  <testcase classname="com.parallel.TestClass1" name="testMethod2" time="0.019">
    <failure type="java.lang.AssertionError" message="null">
      <![CDATA[java.lang.AssertionError: null
at com.parallel.TestClass1.testMethod2(TestClass1.java:22)
at java.base/java.util.ArrayList.forEach(ArrayList.java:1511)
... Removed 29 stack frames]]>
    </failure>
  </testcase> <!-- testMethod2 -->
  <testcase classname="com.parallel.TestClass1" name="testMethod1" time="0.002"/>
  <testcase classname="com.parallel.TestClass1" name="testMethod4" time="0.002"/>
  <testcase classname="com.parallel.TestClass1" name="testMethod3" time="0.0">
    <skipped/>
  </testcase> <!-- testMethod3 -->
</testsuite> <!-- Frontend -->
