<?xml version="1.0" encoding="UTF-8"?>
<!-- Generated by org.testng.reporters.JUnitXMLReporter -->
<testsuite ignored="0" hostname="C40LAP-10041" failures="0" tests="4" name="TestAbhinav2" time="0.008" errors="0" timestamp="2022-10-03T18:13:17 IST">
  <testcase classname="com.parallel.TestClass2" name="testMethod5" time="0.002"/>
  <testcase classname="com.parallel.TestClass2" name="testMethod6" time="0.0"/>
  <testcase classname="com.parallel.TestClass2" name="testMethod7" time="0.001"/>
  <testcase classname="com.parallel.TestClass2" name="testMethod8" time="0.001"/>
</testsuite> <!-- TestAbhinav2 -->
