<?xml version="1.0" encoding="UTF-8"?>
<!-- Generated by org.testng.reporters.JUnitXMLReporter -->
<testsuite ignored="0" hostname="C40LAP-10041" failures="0" tests="4" name="TestAbhinav" time="9.719" errors="0" timestamp="2022-09-30T18:53:39 IST">
  <testcase classname="com.test.TestingParameter" name="LaunchApp" time="9.657"/>
  <testcase classname="com.test.TestingParameter" name="Login" time="0.002"/>
  <testcase classname="com.test.Login" name="gettingTitle" time="0.002"/>
  <testcase classname="com.test.Login" name="geturl" time="0.002"/>
</testsuite> <!-- TestAbhinav -->
