<?xml version="1.0" encoding="UTF-8"?>
<!-- Generated by org.testng.reporters.JUnitXMLReporter -->
<testsuite ignored="0" hostname="C40LAP-10041" failures="0" tests="4" name="TestAbhinav1" time="0.04" errors="0" timestamp="2022-10-03T18:13:17 IST">
  <testcase classname="com.parallel.TestClass1" name="testMethod1" time="0.006"/>
  <testcase classname="com.parallel.TestClass1" name="testMethod2" time="0.0"/>
  <testcase classname="com.parallel.TestClass1" name="testMethod3" time="0.001"/>
  <testcase classname="com.parallel.TestClass1" name="testMethod4" time="0.001"/>
</testsuite> <!-- TestAbhinav1 -->
